<component name="libraryTable">
  <library name="JUnit">
    <CLASSES />
    <JAVADOC />
    <SOURCES>
      <root url="file://$PROJECT_DIR$/CinemaTicketReservationSystem/src" />
    </SOURCES>
  </library>
</component>